<?xml version="1.0" encoding="UTF-8"?>
<!-- Generated by org.testng.reporters.JUnitReportReporter -->
<testsuite skipped="0" hostname="Neils-MacBook-Pro.local" name="com.syntax.testng.class01.HrnsTestCases" tests="2" failures="0" timestamp="2020-08-29T11:02:31 PDT" time="7.417" errors="0">
  <testcase name="titleValidation" time="2.683" classname="com.syntax.testng.class01.HrnsTestCases"/>
  <system-out/>
  <testcase name="validLogin" time="4.734" classname="com.syntax.testng.class01.HrnsTestCases"/>
  <system-out/>
</testsuite> <!-- com.syntax.testng.class01.HrnsTestCases -->
