<?xml version="1.0" encoding="UTF-8"?>
<!-- Generated by org.testng.reporters.JUnitReportReporter -->
<testsuite skipped="0" hostname="Neils-MacBook-Pro.local" name="com.syntax.class11.NewTest" tests="1" failures="0" timestamp="2020-08-29T09:47:40 PDT" time="0.007" errors="0">
  <testcase name="f" time="0.007" classname="com.syntax.class11.NewTest"/>
  <system-out/>
</testsuite> <!-- com.syntax.class11.NewTest -->
