<?xml version="1.0" encoding="UTF-8"?>
<!-- Generated by org.testng.reporters.JUnitReportReporter -->
<testsuite skipped="0" hostname="Neils-MacBook-Pro.local" name="com.syntax.testing.class02.ClassTask" tests="1" failures="0" timestamp="2020-08-30T10:38:08 PDT" time="2.842" errors="0">
  <testcase name="Login" time="2.842" classname="com.syntax.testing.class02.ClassTask"/>
  <system-out/>
</testsuite> <!-- com.syntax.testing.class02.ClassTask -->
